<?xml version="1.0" encoding="UTF-8"?>
<testsuite name="fr.polytechtours.javaperformance.tp2.MyBenchmarkTest" time="0.009" tests="18" errors="0" skipped="0" failures="0">
  <properties>
    <property name="idea.version" value="2018.1.6"/>
    <property name="java.runtime.name" value="Java(TM) SE Runtime Environment"/>
    <property name="java.vm.version" value="9+181"/>
    <property name="sun.boot.library.path" value="/usr/lib/jvm/java-9-oracle/lib"/>
    <property name="maven.multiModuleProjectDirectory" value="/home/administrateur/Bureau/java-performance/TP2/jmh"/>
    <property name="java.vm.vendor" value="Oracle Corporation"/>
    <property name="java.vendor.url" value="http://java.oracle.com/"/>
    <property name="guice.disable.misplaced.annotation.check" value="true"/>
    <property name="path.separator" value=":"/>
    <property name="java.vm.name" value="Java HotSpot(TM) 64-Bit Server VM"/>
    <property name="file.encoding.pkg" value="sun.io"/>
    <property name="sun.os.patch.level" value="unknown"/>
    <property name="user.country" value="FR"/>
    <property name="sun.java.launcher" value="SUN_STANDARD"/>
    <property name="java.vm.specification.name" value="Java Virtual Machine Specification"/>
    <property name="user.dir" value="/home/administrateur/Bureau/java-performance/TP2/jmh"/>
    <property name="java.vm.compressedOopsMode" value="32-bit"/>
    <property name="java.runtime.version" value="9+181"/>
    <property name="java.awt.graphicsenv" value="sun.awt.X11GraphicsEnvironment"/>
    <property name="os.arch" value="amd64"/>
    <property name="java.io.tmpdir" value="/tmp"/>
    <property name="line.separator" value="&#10;"/>
    <property name="java.vm.specification.vendor" value="Oracle Corporation"/>
    <property name="os.name" value="Linux"/>
    <property name="classworlds.conf" value="/opt/idea-IC-181.5540.7/plugins/maven/lib/maven3/bin/m2.conf"/>
    <property name="sun.jnu.encoding" value="UTF-8"/>
    <property name="java.library.path" value="/usr/java/packages/lib:/usr/lib64:/lib64:/lib:/usr/lib"/>
    <property name="jdk.debug" value="release"/>
    <property name="java.class.version" value="53.0"/>
    <property name="java.specification.name" value="Java Platform API Specification"/>
    <property name="sun.management.compiler" value="HotSpot 64-Bit Tiered Compilers"/>
    <property name="os.version" value="4.13.0-45-generic"/>
    <property name="user.home" value="/home/administrateur"/>
    <property name="user.timezone" value="Europe/Paris"/>
    <property name="java.awt.printerjob" value="sun.print.PSPrinterJob"/>
    <property name="file.encoding" value="UTF-8"/>
    <property name="java.specification.version" value="9"/>
    <property name="user.name" value="administrateur"/>
    <property name="java.class.path" value="/opt/idea-IC-181.5540.7/plugins/maven/lib/maven3/boot/plexus-classworlds-2.5.2.jar"/>
    <property name="java.vm.specification.version" value="9"/>
    <property name="sun.arch.data.model" value="64"/>
    <property name="sun.java.command" value="org.codehaus.classworlds.Launcher -Didea.version=2018.1.6 package -f pom.xml"/>
    <property name="java.home" value="/usr/lib/jvm/java-9-oracle"/>
    <property name="user.language" value="fr"/>
    <property name="java.specification.vendor" value="Oracle Corporation"/>
    <property name="awt.toolkit" value="sun.awt.X11.XToolkit"/>
    <property name="java.vm.info" value="mixed mode"/>
    <property name="java.version" value="9"/>
    <property name="securerandom.source" value="file:/dev/./urandom"/>
    <property name="java.vendor" value="Oracle Corporation"/>
    <property name="maven.home" value="/opt/idea-IC-181.5540.7/plugins/maven/lib/maven3"/>
    <property name="file.separator" value="/"/>
    <property name="java.vendor.url.bug" value="http://bugreport.java.com/bugreport/"/>
    <property name="sun.io.unicode.encoding" value="UnicodeLittle"/>
    <property name="sun.cpu.endian" value="little"/>
    <property name="sun.desktop" value="gnome"/>
    <property name="sun.cpu.isalist" value=""/>
  </properties>
  <testcase name="testFactRec[0]" classname="fr.polytechtours.javaperformance.tp2.MyBenchmarkTest" time="0.003"/>
  <testcase name="testFact[0]" classname="fr.polytechtours.javaperformance.tp2.MyBenchmarkTest" time="0.001"/>
  <testcase name="testFactRec[1]" classname="fr.polytechtours.javaperformance.tp2.MyBenchmarkTest" time="0.001"/>
  <testcase name="testFact[1]" classname="fr.polytechtours.javaperformance.tp2.MyBenchmarkTest" time="0"/>
  <testcase name="testFactRec[2]" classname="fr.polytechtours.javaperformance.tp2.MyBenchmarkTest" time="0"/>
  <testcase name="testFact[2]" classname="fr.polytechtours.javaperformance.tp2.MyBenchmarkTest" time="0"/>
  <testcase name="testFactRec[3]" classname="fr.polytechtours.javaperformance.tp2.MyBenchmarkTest" time="0.001"/>
  <testcase name="testFact[3]" classname="fr.polytechtours.javaperformance.tp2.MyBenchmarkTest" time="0"/>
  <testcase name="testFactRec[4]" classname="fr.polytechtours.javaperformance.tp2.MyBenchmarkTest" time="0"/>
  <testcase name="testFact[4]" classname="fr.polytechtours.javaperformance.tp2.MyBenchmarkTest" time="0.001"/>
  <testcase name="testFactRec[5]" classname="fr.polytechtours.javaperformance.tp2.MyBenchmarkTest" time="0"/>
  <testcase name="testFact[5]" classname="fr.polytechtours.javaperformance.tp2.MyBenchmarkTest" time="0"/>
  <testcase name="testFactRec[6]" classname="fr.polytechtours.javaperformance.tp2.MyBenchmarkTest" time="0"/>
  <testcase name="testFact[6]" classname="fr.polytechtours.javaperformance.tp2.MyBenchmarkTest" time="0"/>
  <testcase name="testFactRec[7]" classname="fr.polytechtours.javaperformance.tp2.MyBenchmarkTest" time="0.001"/>
  <testcase name="testFact[7]" classname="fr.polytechtours.javaperformance.tp2.MyBenchmarkTest" time="0"/>
  <testcase name="testFactRec[8]" classname="fr.polytechtours.javaperformance.tp2.MyBenchmarkTest" time="0"/>
  <testcase name="testFact[8]" classname="fr.polytechtours.javaperformance.tp2.MyBenchmarkTest" time="0.001"/>
</testsuite>